Using pre-set license
Built from '2020.3/staging' branch; Version is '2020.3.26f1 (7298b473bc1a) revision 7510196'; Using compiler version '192528614'; Build Type 'Release'
OS: 'Windows 10  (10.0.19043) 64bit Professional' Language: 'es' Physical Memory: 16332 MB
BatchMode: 1, IsHumanControllingUs: 0, StartBugReporterOnCrash: 0, Is64bit: 1, IsPro: 0

COMMAND LINE ARGUMENTS:
C:\Program Files\Unity\Hub\Editor\2020.3.26f1\Editor\Unity.exe
-adb2
-batchMode
-noUpm
-name
AssetImportWorker0
-projectPath
C:/Users/USER/Unity/ulsa juego 3d
-logFile
Logs/AssetImportWorker0.log
-srvPort
56515
Successfully changed project path to: C:/Users/USER/Unity/ulsa juego 3d
C:/Users/USER/Unity/ulsa juego 3d
Using Asset Import Pipeline V2.
Refreshing native plugins compatible for Editor in 71.45 ms, found 2 plugins.
Preloading 0 native plugins for Editor in 0.00 ms.
Initialize engine version: 2020.3.26f1 (7298b473bc1a)
[Subsystems] Discovering subsystems at path C:/Program Files/Unity/Hub/Editor/2020.3.26f1/Editor/Data/Resources/UnitySubsystems
[Subsystems] Discovering subsystems at path C:/Users/USER/Unity/ulsa juego 3d/Assets
GfxDevice: creating device client; threaded=0
Direct3D:
    Version:  Direct3D 11.0 [level 11.1]
    Renderer: NVIDIA GeForce GTX 1660 Ti (ID=0x2182)
    Vendor:   
    VRAM:     5991 MB
    Driver:   30.0.15.1215
Initialize mono
Mono path[0] = 'C:/Program Files/Unity/Hub/Editor/2020.3.26f1/Editor/Data/Managed'
Mono path[1] = 'C:/Program Files/Unity/Hub/Editor/2020.3.26f1/Editor/Data/MonoBleedingEdge/lib/mono/unityjit'
Mono config path = 'C:/Program Files/Unity/Hub/Editor/2020.3.26f1/Editor/Data/MonoBleedingEdge/etc'
Using monoOptions --debugger-agent=transport=dt_socket,embedding=1,server=y,suspend=n,address=127.0.0.1:56264
Begin MonoManager ReloadAssembly
Registering precompiled unity dll's ...
Register platform support module: C:/Program Files/Unity/Hub/Editor/2020.3.26f1/Editor/Data/PlaybackEngines/WebGLSupport/UnityEditor.WebGL.Extensions.dll
Register platform support module: C:/Program Files/Unity/Hub/Editor/2020.3.26f1/Editor/Data/PlaybackEngines/WindowsStandaloneSupport/UnityEditor.WindowsStandalone.Extensions.dll
Registered in 0.002580 seconds.
Native extension for WindowsStandalone target not found
Native extension for WebGL target not found
Refreshing native plugins compatible for Editor in 71.63 ms, found 2 plugins.
Preloading 0 native plugins for Editor in 0.00 ms.
Mono: successfully reloaded assembly
- Completed reload, in  0.589 seconds
Domain Reload Profiling:
	ReloadAssembly (589ms)
		BeginReloadAssembly (58ms)
			ExecutionOrderSort (0ms)
			DisableScriptedObjects (0ms)
			BackupInstance (0ms)
			ReleaseScriptingObjects (0ms)
			CreateAndSetChildDomain (1ms)
		EndReloadAssembly (457ms)
			LoadAssemblies (54ms)
			RebuildTransferFunctionScriptingTraits (0ms)
			SetupTypeCache (146ms)
			ReleaseScriptCaches (0ms)
			RebuildScriptCaches (27ms)
			SetupLoadedEditorAssemblies (192ms)
				LogAssemblyErrors (0ms)
				InitializePlatformSupportModulesInManaged (5ms)
				SetLoadedEditorAssemblies (0ms)
				RefreshPlugins (72ms)
				BeforeProcessingInitializeOnLoad (8ms)
				ProcessInitializeOnLoadAttributes (78ms)
				ProcessInitializeOnLoadMethodAttributes (28ms)
				AfterProcessingInitializeOnLoad (0ms)
				EditorAssembliesLoaded (0ms)
			ExecutionOrderSort2 (0ms)
			AwakeInstancesAfterBackupRestoration (0ms)
Platform modules already initialized, skipping
Registering precompiled user dll's ...
Registered in 0.006616 seconds.
Begin MonoManager ReloadAssembly
Native extension for WindowsStandalone target not found
Native extension for WebGL target not found
Refreshing native plugins compatible for Editor in 59.78 ms, found 2 plugins.
Preloading 0 native plugins for Editor in 0.00 ms.
Mono: successfully reloaded assembly
- Completed reload, in  1.184 seconds
Domain Reload Profiling:
	ReloadAssembly (1186ms)
		BeginReloadAssembly (138ms)
			ExecutionOrderSort (0ms)
			DisableScriptedObjects (4ms)
			BackupInstance (0ms)
			ReleaseScriptingObjects (0ms)
			CreateAndSetChildDomain (20ms)
		EndReloadAssembly (985ms)
			LoadAssemblies (89ms)
			RebuildTransferFunctionScriptingTraits (0ms)
			SetupTypeCache (344ms)
			ReleaseScriptCaches (1ms)
			RebuildScriptCaches (48ms)
			SetupLoadedEditorAssemblies (386ms)
				LogAssemblyErrors (0ms)
				InitializePlatformSupportModulesInManaged (4ms)
				SetLoadedEditorAssemblies (0ms)
				RefreshPlugins (60ms)
				BeforeProcessingInitializeOnLoad (76ms)
				ProcessInitializeOnLoadAttributes (228ms)
				ProcessInitializeOnLoadMethodAttributes (10ms)
				AfterProcessingInitializeOnLoad (8ms)
				EditorAssembliesLoaded (0ms)
			ExecutionOrderSort2 (0ms)
			AwakeInstancesAfterBackupRestoration (5ms)
Platform modules already initialized, skipping
========================================================================
Worker process is ready to serve import requests
Launched and connected shader compiler UnityShaderCompiler.exe after 0.05 seconds
Refreshing native plugins compatible for Editor in 0.73 ms, found 2 plugins.
Preloading 0 native plugins for Editor in 0.00 ms.
Unloading 3151 Unused Serialized files (Serialized files now loaded: 0)
System memory in use before: 140.3 MB.
System memory in use after: 140.5 MB.

Unloading 23 unused Assets to reduce memory usage. Loaded Objects now: 3583.
Total: 4.517700 ms (FindLiveObjects: 0.493400 ms CreateObjectMapping: 0.119100 ms MarkObjects: 3.819100 ms  DeleteObjects: 0.084700 ms)

AssetImportParameters requested are different than current active one (requested -> active):
  custom:framework-win-MediaFoundation: 216162199b28c13a410421893ffa2e32 -> 
  custom:video-decoder-ogg-theora: a1e56fd34408186e4bbccfd4996cb3dc -> 
  custom:container-muxer-webm: aa71ff27fc2769a1b78a27578f13a17b -> 
  custom:container-demuxer-webm: 4f35f7cbe854078d1ac9338744f61a02 -> 
  custom:container-demuxer-ogg: 62fdf1f143b41e24485cea50d1cbac27 -> 
  custom:video-encoder-webm-vp8: eb34c28f22e8b96e1ab97ce403110664 -> 
  custom:video-decoder-webm-vp8: 9c59270c3fd7afecdb556c50c9e8de78 -> 
  custom:audio-decoder-ogg-vorbis: bf7c407c2cedff20999df2af8eb42d56 -> 
  custom:audio-encoder-webm-vorbis: bf7c407c2cedff20999df2af8eb42d56 -> 
========================================================================
Received Import Request.
  path: Assets/Scripts/Gameplay/GameInputs.inputactions
  artifactKey: Guid(a6c8414a2d7b9bd4fa6200ea8eae254d) Importer(815301076,1909f56bfc062723c751e8b465ee728b)
Start importing Assets/Scripts/Gameplay/GameInputs.inputactions using Guid(a6c8414a2d7b9bd4fa6200ea8eae254d) Importer(815301076,1909f56bfc062723c751e8b465ee728b)  -> (artifact id: '5ca40cb2093f4ffe663ce75adf17382d') in 0.046437 seconds 
  Import took 0.051751 seconds .

========================================================================
Received Import Request.
  Time since last request: 49.636908 seconds.
  path: Assets/Scripts/Gameplay/InputController.cs
  artifactKey: Guid(98bdc9a3be341534195f6f53eb54e9ab) Importer(815301076,1909f56bfc062723c751e8b465ee728b)
Start importing Assets/Scripts/Gameplay/InputController.cs using Guid(98bdc9a3be341534195f6f53eb54e9ab) Importer(815301076,1909f56bfc062723c751e8b465ee728b)  -> (artifact id: 'c7155144caf386909d04ffad1c891d54') in 0.009116 seconds 
  Import took 0.023265 seconds .

========================================================================
Received Import Request.
  Time since last request: 277.146799 seconds.
  path: Assets/Scripts/Gameplay/CharacterController.cs
  artifactKey: Guid(1c0fc62b31f579242b0c4178f9426b2d) Importer(815301076,1909f56bfc062723c751e8b465ee728b)
Start importing Assets/Scripts/Gameplay/CharacterController.cs using Guid(1c0fc62b31f579242b0c4178f9426b2d) Importer(815301076,1909f56bfc062723c751e8b465ee728b)  -> (artifact id: '3afa101f29d53fba9bd4aa3a63b41d0d') in 0.007569 seconds 
  Import took 0.013569 seconds .

========================================================================
Received Import Request.
  Time since last request: 87.168782 seconds.
  path: Assets/Settings/ForwardRenderer.asset
  artifactKey: Guid(4a8e21d5c33334b11b34a596161b9360) Importer(815301076,1909f56bfc062723c751e8b465ee728b)
Start importing Assets/Settings/ForwardRenderer.asset using Guid(4a8e21d5c33334b11b34a596161b9360) Importer(815301076,1909f56bfc062723c751e8b465ee728b)  -> (artifact id: '63cf95242464b0f1307a08bc2392aaaa') in 0.014709 seconds 
  Import took 0.020162 seconds .

========================================================================
Received Import Request.
  Time since last request: 0.000229 seconds.
  path: Assets/Settings/SampleSceneProfile.asset
  artifactKey: Guid(10fc4df2da32a41aaa32d77bc913491c) Importer(815301076,1909f56bfc062723c751e8b465ee728b)
Start importing Assets/Settings/SampleSceneProfile.asset using Guid(10fc4df2da32a41aaa32d77bc913491c) Importer(815301076,1909f56bfc062723c751e8b465ee728b)  -> (artifact id: 'd2b3f476ab718b1cf20d183dd9addfe7') in 0.020507 seconds 
  Import took 0.025419 seconds .

========================================================================
Received Import Request.
  Time since last request: 0.000180 seconds.
  path: Assets/Settings/UniversalRP-LowQuality.asset
  artifactKey: Guid(a31e9f9f9c9d4b9429ed0d1234e22103) Importer(815301076,1909f56bfc062723c751e8b465ee728b)
Start importing Assets/Settings/UniversalRP-LowQuality.asset using Guid(a31e9f9f9c9d4b9429ed0d1234e22103) Importer(815301076,1909f56bfc062723c751e8b465ee728b)  -> (artifact id: 'b226a0bb157262eadf686f6bb5b5f1f8') in 0.012936 seconds 
  Import took 0.017525 seconds .

========================================================================
Received Import Request.
  Time since last request: 0.000191 seconds.
  path: Assets/Settings/UniversalRP-MediumQuality.asset
  artifactKey: Guid(d847b876476d3d6468f5dfcd34266f96) Importer(815301076,1909f56bfc062723c751e8b465ee728b)
Start importing Assets/Settings/UniversalRP-MediumQuality.asset using Guid(d847b876476d3d6468f5dfcd34266f96) Importer(815301076,1909f56bfc062723c751e8b465ee728b)  -> (artifact id: 'd421f548a6507a11f25ec3578746e9c1') in 0.012347 seconds 
  Import took 0.016704 seconds .

========================================================================
Received Import Request.
  Time since last request: 0.000179 seconds.
  path: Assets/Settings/UniversalRP-HighQuality.asset
  artifactKey: Guid(19ba41d7c0026c3459d37c2fe90c55a0) Importer(815301076,1909f56bfc062723c751e8b465ee728b)
Start importing Assets/Settings/UniversalRP-HighQuality.asset using Guid(19ba41d7c0026c3459d37c2fe90c55a0) Importer(815301076,1909f56bfc062723c751e8b465ee728b)  -> (artifact id: '02e18c1f933b70f494440bf5e7626866') in 0.008088 seconds 
  Import took 0.012672 seconds .

========================================================================
Received Import Request.
  Time since last request: 3.174748 seconds.
  path: Assets/Materials/Floor.mat
  artifactKey: Guid(2cd84ad8c75802943a16c7fb1fd2b4c6) Importer(815301076,1909f56bfc062723c751e8b465ee728b)
Start importing Assets/Materials/Floor.mat using Guid(2cd84ad8c75802943a16c7fb1fd2b4c6) Importer(815301076,1909f56bfc062723c751e8b465ee728b)  -> (artifact id: '2880c12047a5fa579146d5e53cf9d9ec') in 0.189227 seconds 
  Import took 0.194807 seconds .

========================================================================
Received Import Request.
  Time since last request: 0.000168 seconds.
  path: Assets/Materials/Skybox_Mat.mat
  artifactKey: Guid(0ffaa0b7117ba8c47a9d05ae701d4b4d) Importer(815301076,1909f56bfc062723c751e8b465ee728b)
Start importing Assets/Materials/Skybox_Mat.mat using Guid(0ffaa0b7117ba8c47a9d05ae701d4b4d) Importer(815301076,1909f56bfc062723c751e8b465ee728b)  -> (artifact id: '16f4fd2ebd5a3e4fe25a0400418ba723') in 0.020469 seconds 
  Import took 0.025315 seconds .

========================================================================
Received Import Request.
  Time since last request: 3.495632 seconds.
  path: Assets/ExampleAssets/Models
  artifactKey: Guid(aa97895f3852bd44399ef0893bec4f5e) Importer(815301076,1909f56bfc062723c751e8b465ee728b)
Start importing Assets/ExampleAssets/Models using Guid(aa97895f3852bd44399ef0893bec4f5e) Importer(815301076,1909f56bfc062723c751e8b465ee728b)  -> (artifact id: '148bd1374e384877c948124b2b92d031') in 0.015178 seconds 
  Import took 0.020398 seconds .

========================================================================
Received Import Request.
  Time since last request: 14.978567 seconds.
  path: Assets/assetsunity/SD_RPG_Heroes_Pack
  artifactKey: Guid(3291e206605642846ac57dd74b9737f3) Importer(815301076,1909f56bfc062723c751e8b465ee728b)
Start importing Assets/assetsunity/SD_RPG_Heroes_Pack using Guid(3291e206605642846ac57dd74b9737f3) Importer(815301076,1909f56bfc062723c751e8b465ee728b)  -> (artifact id: '3eb4623c83c92790c4659af18414ef94') in 0.006289 seconds 
  Import took 0.011836 seconds .

========================================================================
Received Import Request.
  Time since last request: 1.390684 seconds.
  path: Assets/assetsunity/SD_RPG_Heroes_Pack/animations
  artifactKey: Guid(2644701b2cb85e140be83be577330c22) Importer(815301076,1909f56bfc062723c751e8b465ee728b)
Start importing Assets/assetsunity/SD_RPG_Heroes_Pack/animations using Guid(2644701b2cb85e140be83be577330c22) Importer(815301076,1909f56bfc062723c751e8b465ee728b)  -> (artifact id: '5516b456888fce1e524b2b1030e42d80') in 0.006323 seconds 
  Import took 0.012116 seconds .

========================================================================
Received Import Request.
  Time since last request: 6.724570 seconds.
  path: Assets/assetsunity/SD_RPG_Heroes_Pack/animations/wizardgirl
  artifactKey: Guid(6f1facce8b34a734bb41653ea8e2778e) Importer(815301076,1909f56bfc062723c751e8b465ee728b)
Start importing Assets/assetsunity/SD_RPG_Heroes_Pack/animations/wizardgirl using Guid(6f1facce8b34a734bb41653ea8e2778e) Importer(815301076,1909f56bfc062723c751e8b465ee728b)  -> (artifact id: 'f34ec3d27eefe988de6da41e1cc7acd3') in 0.007799 seconds 
  Import took 0.013615 seconds .

========================================================================
Received Import Request.
  Time since last request: 1.509323 seconds.
  path: Assets/assetsunity/SD_RPG_Heroes_Pack/animations/wizardgirl/generic
  artifactKey: Guid(2d065cab85ca0824388b1b01b98d8da7) Importer(815301076,1909f56bfc062723c751e8b465ee728b)
Start importing Assets/assetsunity/SD_RPG_Heroes_Pack/animations/wizardgirl/generic using Guid(2d065cab85ca0824388b1b01b98d8da7) Importer(815301076,1909f56bfc062723c751e8b465ee728b)  -> (artifact id: '1bd8ccf28d98515a3ccf6603945624c8') in 0.006429 seconds 
  Import took 0.021240 seconds .

========================================================================
Received Import Request.
  Time since last request: 0.085898 seconds.
  path: Assets/assetsunity/SD_RPG_Heroes_Pack/animations/wizardgirl/generic/wizardgirl@att01.fbx
  artifactKey: Guid(5d0cabe48335d0f4899d0f8f90055281) Importer(815301076,1909f56bfc062723c751e8b465ee728b)
Start importing Assets/assetsunity/SD_RPG_Heroes_Pack/animations/wizardgirl/generic/wizardgirl@att01.fbx using Guid(5d0cabe48335d0f4899d0f8f90055281) Importer(815301076,1909f56bfc062723c751e8b465ee728b)  -> (artifact id: 'a8252d91d7c176086d8ef1df21e3839c') in 0.110331 seconds 
  Import took 0.116303 seconds .

========================================================================
Received Import Request.
  Time since last request: 0.000210 seconds.
  path: Assets/assetsunity/SD_RPG_Heroes_Pack/animations/wizardgirl/generic/wizardgirl@idle.fbx
  artifactKey: Guid(76c1f5ddcd2de8640967f55c7b35b438) Importer(815301076,1909f56bfc062723c751e8b465ee728b)
Start importing Assets/assetsunity/SD_RPG_Heroes_Pack/animations/wizardgirl/generic/wizardgirl@idle.fbx using Guid(76c1f5ddcd2de8640967f55c7b35b438) Importer(815301076,1909f56bfc062723c751e8b465ee728b)  -> (artifact id: '048d31739ebf51d229ad8cfd4c573d29') in 0.039912 seconds 
  Import took 0.044710 seconds .

========================================================================
Received Import Request.
  Time since last request: 0.000195 seconds.
  path: Assets/assetsunity/SD_RPG_Heroes_Pack/animations/wizardgirl/generic/wizardgirl@att02.fbx
  artifactKey: Guid(d802c1b5ec6b045478758f109ededa58) Importer(815301076,1909f56bfc062723c751e8b465ee728b)
Start importing Assets/assetsunity/SD_RPG_Heroes_Pack/animations/wizardgirl/generic/wizardgirl@att02.fbx using Guid(d802c1b5ec6b045478758f109ededa58) Importer(815301076,1909f56bfc062723c751e8b465ee728b)  -> (artifact id: '55402803e8f86809f39c27de08bbdf5a') in 0.046025 seconds 
  Import took 0.050833 seconds .

========================================================================
Received Import Request.
  Time since last request: 0.000188 seconds.
  path: Assets/assetsunity/SD_RPG_Heroes_Pack/animations/wizardgirl/generic/wizardgirl@jump.fbx
  artifactKey: Guid(debbc29c522260c46b0f9aca2c378350) Importer(815301076,1909f56bfc062723c751e8b465ee728b)
Start importing Assets/assetsunity/SD_RPG_Heroes_Pack/animations/wizardgirl/generic/wizardgirl@jump.fbx using Guid(debbc29c522260c46b0f9aca2c378350) Importer(815301076,1909f56bfc062723c751e8b465ee728b)  -> (artifact id: '9724a4643f04db2776dc1b4f703bb7ba') in 0.046473 seconds 
  Import took 0.051659 seconds .

========================================================================
Received Import Request.
  Time since last request: 0.000240 seconds.
  path: Assets/assetsunity/SD_RPG_Heroes_Pack/animations/wizardgirl/generic/wizardgirl@att03.fbx
  artifactKey: Guid(e03dfdfba7ee8ba49aee11f754166098) Importer(815301076,1909f56bfc062723c751e8b465ee728b)
Start importing Assets/assetsunity/SD_RPG_Heroes_Pack/animations/wizardgirl/generic/wizardgirl@att03.fbx using Guid(e03dfdfba7ee8ba49aee11f754166098) Importer(815301076,1909f56bfc062723c751e8b465ee728b)  -> (artifact id: 'f9dd3c26dd188991d1d81ad54c56caf9') in 0.046682 seconds 
  Import took 0.051488 seconds .

========================================================================
Received Import Request.
  Time since last request: 0.000209 seconds.
  path: Assets/assetsunity/SD_RPG_Heroes_Pack/animations/wizardgirl/generic/wizardgirl@damage.fbx
  artifactKey: Guid(27cb869ac2893ef419a540fa76dedc38) Importer(815301076,1909f56bfc062723c751e8b465ee728b)
Start importing Assets/assetsunity/SD_RPG_Heroes_Pack/animations/wizardgirl/generic/wizardgirl@damage.fbx using Guid(27cb869ac2893ef419a540fa76dedc38) Importer(815301076,1909f56bfc062723c751e8b465ee728b)  -> (artifact id: 'b870fc454aac5fbcbe2dccb37b7ea9ea') in 0.042084 seconds 
  Import took 0.047041 seconds .

========================================================================
Received Import Request.
  Time since last request: 0.000218 seconds.
  path: Assets/assetsunity/SD_RPG_Heroes_Pack/animations/wizardgirl/generic/wizardgirl@die.fbx
  artifactKey: Guid(b8040c5214d9435418eed94f4bcfb94d) Importer(815301076,1909f56bfc062723c751e8b465ee728b)
Start importing Assets/assetsunity/SD_RPG_Heroes_Pack/animations/wizardgirl/generic/wizardgirl@die.fbx using Guid(b8040c5214d9435418eed94f4bcfb94d) Importer(815301076,1909f56bfc062723c751e8b465ee728b)  -> (artifact id: 'f10539f8a80495f9d0c210f58b1058ab') in 0.038220 seconds 
  Import took 0.043881 seconds .

========================================================================
Received Import Request.
  Time since last request: 0.000318 seconds.
  path: Assets/assetsunity/SD_RPG_Heroes_Pack/animations/wizardgirl/generic/wizardgirl@run.fbx
  artifactKey: Guid(0cfc944c085bca54fbbf2cb689d9b28a) Importer(815301076,1909f56bfc062723c751e8b465ee728b)
Start importing Assets/assetsunity/SD_RPG_Heroes_Pack/animations/wizardgirl/generic/wizardgirl@run.fbx using Guid(0cfc944c085bca54fbbf2cb689d9b28a) Importer(815301076,1909f56bfc062723c751e8b465ee728b)  -> (artifact id: '1b4e8c06bcb9af5f3b77e019f02d17eb') in 0.037541 seconds 
  Import took 0.042870 seconds .

========================================================================
Received Import Request.
  Time since last request: 85.192406 seconds.
  path: Assets/assetsunity/SD_RPG_Heroes_Pack/animations/wizardgirl/generic/Mage.controller
  artifactKey: Guid(e4633967c1ddbd047a6d9659c2da7830) Importer(815301076,1909f56bfc062723c751e8b465ee728b)
Start importing Assets/assetsunity/SD_RPG_Heroes_Pack/animations/wizardgirl/generic/Mage.controller using Guid(e4633967c1ddbd047a6d9659c2da7830) Importer(815301076,1909f56bfc062723c751e8b465ee728b)  -> (artifact id: 'efcff3af0cae5b2f794d1c8c82d0035b') in 0.011940 seconds 
  Import took 0.018400 seconds .

========================================================================
Received Prepare
Registering precompiled user dll's ...
Registered in 0.005133 seconds.
Begin MonoManager ReloadAssembly
Native extension for WindowsStandalone target not found
Native extension for WebGL target not found
Refreshing native plugins compatible for Editor in 0.72 ms, found 2 plugins.
Preloading 0 native plugins for Editor in 0.00 ms.
Mono: successfully reloaded assembly
- Completed reload, in  0.966 seconds
Domain Reload Profiling:
	ReloadAssembly (966ms)
		BeginReloadAssembly (125ms)
			ExecutionOrderSort (0ms)
			DisableScriptedObjects (5ms)
			BackupInstance (0ms)
			ReleaseScriptingObjects (0ms)
			CreateAndSetChildDomain (37ms)
		EndReloadAssembly (783ms)
			LoadAssemblies (80ms)
			RebuildTransferFunctionScriptingTraits (0ms)
			SetupTypeCache (271ms)
			ReleaseScriptCaches (1ms)
			RebuildScriptCaches (35ms)
			SetupLoadedEditorAssemblies (274ms)
				LogAssemblyErrors (0ms)
				InitializePlatformSupportModulesInManaged (4ms)
				SetLoadedEditorAssemblies (0ms)
				RefreshPlugins (1ms)
				BeforeProcessingInitializeOnLoad (60ms)
				ProcessInitializeOnLoadAttributes (195ms)
				ProcessInitializeOnLoadMethodAttributes (7ms)
				AfterProcessingInitializeOnLoad (7ms)
				EditorAssembliesLoaded (0ms)
			ExecutionOrderSort2 (0ms)
			AwakeInstancesAfterBackupRestoration (13ms)
Platform modules already initialized, skipping
Refreshing native plugins compatible for Editor in 0.75 ms, found 2 plugins.
Preloading 0 native plugins for Editor in 0.00 ms.
Unloading 3043 Unused Serialized files (Serialized files now loaded: 0)
System memory in use before: 153.0 MB.
System memory in use after: 153.2 MB.

Unloading 17 unused Assets to reduce memory usage. Loaded Objects now: 3671.
Total: 3.675100 ms (FindLiveObjects: 0.292700 ms CreateObjectMapping: 0.076700 ms MarkObjects: 3.265900 ms  DeleteObjects: 0.038600 ms)

AssetImportParameters requested are different than current active one (requested -> active):
  custom:framework-win-MediaFoundation: 216162199b28c13a410421893ffa2e32 -> 
  custom:video-decoder-ogg-theora: a1e56fd34408186e4bbccfd4996cb3dc -> 
  custom:container-muxer-webm: aa71ff27fc2769a1b78a27578f13a17b -> 
  custom:container-demuxer-webm: 4f35f7cbe854078d1ac9338744f61a02 -> 
  custom:container-demuxer-ogg: 62fdf1f143b41e24485cea50d1cbac27 -> 
  custom:video-encoder-webm-vp8: eb34c28f22e8b96e1ab97ce403110664 -> 
  custom:video-decoder-webm-vp8: 9c59270c3fd7afecdb556c50c9e8de78 -> 
  custom:audio-decoder-ogg-vorbis: bf7c407c2cedff20999df2af8eb42d56 -> 
  custom:audio-encoder-webm-vorbis: bf7c407c2cedff20999df2af8eb42d56 -> 
========================================================================
Received Import Request.
  Time since last request: 185.110242 seconds.
  path: Assets/New Lighting Settings.lighting
  artifactKey: Guid(97ec9b732bd7ee544814d282dfd61ce6) Importer(815301076,1909f56bfc062723c751e8b465ee728b)
Start importing Assets/New Lighting Settings.lighting using Guid(97ec9b732bd7ee544814d282dfd61ce6) Importer(815301076,1909f56bfc062723c751e8b465ee728b)  -> (artifact id: 'c0d3e454a5fb32d847447158a6b25720') in 0.024648 seconds 
  Import took 0.034153 seconds .

========================================================================
Received Import Request.
  Time since last request: 14.220547 seconds.
  path: Assets/New Lighting Settings 1.lighting
  artifactKey: Guid(409507e53e2c8fe4c9ba4fb75432c146) Importer(815301076,1909f56bfc062723c751e8b465ee728b)
Start importing Assets/New Lighting Settings 1.lighting using Guid(409507e53e2c8fe4c9ba4fb75432c146) Importer(815301076,1909f56bfc062723c751e8b465ee728b)  -> (artifact id: 'a10cddc122718d4d352a923595309c7f') in 0.006266 seconds 
  Import took 0.012163 seconds .

========================================================================
Received Prepare
Registering precompiled user dll's ...
Registered in 0.005105 seconds.
Begin MonoManager ReloadAssembly
Native extension for WindowsStandalone target not found
Native extension for WebGL target not found
Refreshing native plugins compatible for Editor in 0.81 ms, found 2 plugins.
Preloading 0 native plugins for Editor in 0.00 ms.
Mono: successfully reloaded assembly
- Completed reload, in  0.991 seconds
Domain Reload Profiling:
	ReloadAssembly (992ms)
		BeginReloadAssembly (109ms)
			ExecutionOrderSort (0ms)
			DisableScriptedObjects (4ms)
			BackupInstance (0ms)
			ReleaseScriptingObjects (0ms)
			CreateAndSetChildDomain (34ms)
		EndReloadAssembly (823ms)
			LoadAssemblies (82ms)
			RebuildTransferFunctionScriptingTraits (0ms)
			SetupTypeCache (297ms)
			ReleaseScriptCaches (1ms)
			RebuildScriptCaches (35ms)
			SetupLoadedEditorAssemblies (281ms)
				LogAssemblyErrors (0ms)
				InitializePlatformSupportModulesInManaged (5ms)
				SetLoadedEditorAssemblies (0ms)
				RefreshPlugins (1ms)
				BeforeProcessingInitializeOnLoad (60ms)
				ProcessInitializeOnLoadAttributes (200ms)
				ProcessInitializeOnLoadMethodAttributes (7ms)
				AfterProcessingInitializeOnLoad (7ms)
				EditorAssembliesLoaded (0ms)
			ExecutionOrderSort2 (0ms)
			AwakeInstancesAfterBackupRestoration (14ms)
Platform modules already initialized, skipping
Refreshing native plugins compatible for Editor in 0.73 ms, found 2 plugins.
Preloading 0 native plugins for Editor in 0.00 ms.
Unloading 3041 Unused Serialized files (Serialized files now loaded: 0)
System memory in use before: 153.0 MB.
System memory in use after: 153.3 MB.

Unloading 16 unused Assets to reduce memory usage. Loaded Objects now: 3673.
Total: 4.006600 ms (FindLiveObjects: 0.311200 ms CreateObjectMapping: 0.074600 ms MarkObjects: 3.599300 ms  DeleteObjects: 0.020600 ms)

AssetImportParameters requested are different than current active one (requested -> active):
  custom:framework-win-MediaFoundation: 216162199b28c13a410421893ffa2e32 -> 
  custom:video-decoder-ogg-theora: a1e56fd34408186e4bbccfd4996cb3dc -> 
  custom:container-muxer-webm: aa71ff27fc2769a1b78a27578f13a17b -> 
  custom:container-demuxer-webm: 4f35f7cbe854078d1ac9338744f61a02 -> 
  custom:container-demuxer-ogg: 62fdf1f143b41e24485cea50d1cbac27 -> 
  custom:video-encoder-webm-vp8: eb34c28f22e8b96e1ab97ce403110664 -> 
  custom:video-decoder-webm-vp8: 9c59270c3fd7afecdb556c50c9e8de78 -> 
  custom:audio-decoder-ogg-vorbis: bf7c407c2cedff20999df2af8eb42d56 -> 
  custom:audio-encoder-webm-vorbis: bf7c407c2cedff20999df2af8eb42d56 -> 
========================================================================
Received Prepare
Registering precompiled user dll's ...
Registered in 0.005101 seconds.
Begin MonoManager ReloadAssembly
Native extension for WindowsStandalone target not found
Native extension for WebGL target not found
Refreshing native plugins compatible for Editor in 0.73 ms, found 2 plugins.
Preloading 0 native plugins for Editor in 0.00 ms.
Mono: successfully reloaded assembly
- Completed reload, in  0.978 seconds
Domain Reload Profiling:
	ReloadAssembly (979ms)
		BeginReloadAssembly (115ms)
			ExecutionOrderSort (0ms)
			DisableScriptedObjects (4ms)
			BackupInstance (0ms)
			ReleaseScriptingObjects (0ms)
			CreateAndSetChildDomain (34ms)
		EndReloadAssembly (803ms)
			LoadAssemblies (82ms)
			RebuildTransferFunctionScriptingTraits (0ms)
			SetupTypeCache (280ms)
			ReleaseScriptCaches (1ms)
			RebuildScriptCaches (37ms)
			SetupLoadedEditorAssemblies (279ms)
				LogAssemblyErrors (0ms)
				InitializePlatformSupportModulesInManaged (4ms)
				SetLoadedEditorAssemblies (0ms)
				RefreshPlugins (1ms)
				BeforeProcessingInitializeOnLoad (62ms)
				ProcessInitializeOnLoadAttributes (197ms)
				ProcessInitializeOnLoadMethodAttributes (7ms)
				AfterProcessingInitializeOnLoad (7ms)
				EditorAssembliesLoaded (0ms)
			ExecutionOrderSort2 (0ms)
			AwakeInstancesAfterBackupRestoration (13ms)
Platform modules already initialized, skipping
Refreshing native plugins compatible for Editor in 0.72 ms, found 2 plugins.
Preloading 0 native plugins for Editor in 0.00 ms.
Unloading 3041 Unused Serialized files (Serialized files now loaded: 0)
System memory in use before: 153.1 MB.
System memory in use after: 153.3 MB.

Unloading 16 unused Assets to reduce memory usage. Loaded Objects now: 3675.
Total: 3.392200 ms (FindLiveObjects: 0.295300 ms CreateObjectMapping: 0.073900 ms MarkObjects: 3.007300 ms  DeleteObjects: 0.014800 ms)

AssetImportParameters requested are different than current active one (requested -> active):
  custom:framework-win-MediaFoundation: 216162199b28c13a410421893ffa2e32 -> 
  custom:video-decoder-ogg-theora: a1e56fd34408186e4bbccfd4996cb3dc -> 
  custom:container-muxer-webm: aa71ff27fc2769a1b78a27578f13a17b -> 
  custom:container-demuxer-webm: 4f35f7cbe854078d1ac9338744f61a02 -> 
  custom:container-demuxer-ogg: 62fdf1f143b41e24485cea50d1cbac27 -> 
  custom:video-encoder-webm-vp8: eb34c28f22e8b96e1ab97ce403110664 -> 
  custom:video-decoder-webm-vp8: 9c59270c3fd7afecdb556c50c9e8de78 -> 
  custom:audio-decoder-ogg-vorbis: bf7c407c2cedff20999df2af8eb42d56 -> 
  custom:audio-encoder-webm-vorbis: bf7c407c2cedff20999df2af8eb42d56 -> 
========================================================================
Received Import Request.
  Time since last request: 680.112388 seconds.
  path: Assets/Scripts/SimpleCameraController.cs
  artifactKey: Guid(be76e5f14cfee674cb30b491fb72b09b) Importer(815301076,1909f56bfc062723c751e8b465ee728b)
Start importing Assets/Scripts/SimpleCameraController.cs using Guid(be76e5f14cfee674cb30b491fb72b09b) Importer(815301076,1909f56bfc062723c751e8b465ee728b)  -> (artifact id: '52b6cc6bdd2bea4e3982497509ccc6c6') in 0.010657 seconds 
  Import took 0.025590 seconds .

========================================================================
Received Import Request.
  Time since last request: 35.063396 seconds.
  path: Assets/Scripts/Gameplay
  artifactKey: Guid(d88ca93b97fd788418f210ce84ea62ae) Importer(815301076,1909f56bfc062723c751e8b465ee728b)
Start importing Assets/Scripts/Gameplay using Guid(d88ca93b97fd788418f210ce84ea62ae) Importer(815301076,1909f56bfc062723c751e8b465ee728b)  -> (artifact id: 'acbe194c41878591de723a345627f33a') in 0.005729 seconds 
  Import took 0.020483 seconds .

========================================================================
Received Import Request.
  Time since last request: 7.101033 seconds.
  path: Assets/Scripts
  artifactKey: Guid(02a3527b6b33a924e8ec66aa805ea717) Importer(815301076,1909f56bfc062723c751e8b465ee728b)
Start importing Assets/Scripts using Guid(02a3527b6b33a924e8ec66aa805ea717) Importer(815301076,1909f56bfc062723c751e8b465ee728b)  -> (artifact id: 'f0a913a0049096cde5d6a727232f232f') in 0.005731 seconds 
  Import took 0.010714 seconds .

========================================================================
Received Import Request.
  Time since last request: 12.108285 seconds.
  path: Assets/assetsunity/SD_RPG_Heroes_Pack/FBX/archergirl@set.fbx
  artifactKey: Guid(42db1ab11db83cd41811db2e92f5dd82) Importer(815301076,1909f56bfc062723c751e8b465ee728b)
Start importing Assets/assetsunity/SD_RPG_Heroes_Pack/FBX/archergirl@set.fbx using Guid(42db1ab11db83cd41811db2e92f5dd82) Importer(815301076,1909f56bfc062723c751e8b465ee728b)  -> (artifact id: '03179f89abbc6f185377ebdaf141ba48') in 0.229501 seconds 
  Import took 0.234748 seconds .

========================================================================
Received Import Request.
  Time since last request: 0.000201 seconds.
  path: Assets/assetsunity/SD_RPG_Heroes_Pack/FBX/swordmaster@set.fbx
  artifactKey: Guid(71e5111e1d363654295b6408eaf5c143) Importer(815301076,1909f56bfc062723c751e8b465ee728b)
Start importing Assets/assetsunity/SD_RPG_Heroes_Pack/FBX/swordmaster@set.fbx using Guid(71e5111e1d363654295b6408eaf5c143) Importer(815301076,1909f56bfc062723c751e8b465ee728b)  -> (artifact id: '931fc78c0e87561b13adc2d9dfd7b751') in 0.042516 seconds 
  Import took 0.047256 seconds .

========================================================================
Received Import Request.
  Time since last request: 0.000209 seconds.
  path: Assets/assetsunity/SD_RPG_Heroes_Pack/FBX/wizardgirl@set.fbx
  artifactKey: Guid(ea0a93fd66233784e81bc6c4151a1304) Importer(815301076,1909f56bfc062723c751e8b465ee728b)
Start importing Assets/assetsunity/SD_RPG_Heroes_Pack/FBX/wizardgirl@set.fbx using Guid(ea0a93fd66233784e81bc6c4151a1304) Importer(815301076,1909f56bfc062723c751e8b465ee728b)  -> (artifact id: '7b7f3b330b8960b31fed6c3b8f192e30') in 0.037548 seconds 
  Import took 0.042208 seconds .

========================================================================
Received Import Request.
  Time since last request: 0.395734 seconds.
  path: Assets/assetsunity/SD_RPG_Heroes_Pack/materials/archergirl.mat
  artifactKey: Guid(f88c489100299f74c8fc86f5a90f1435) Importer(815301076,1909f56bfc062723c751e8b465ee728b)
Start importing Assets/assetsunity/SD_RPG_Heroes_Pack/materials/archergirl.mat using Guid(f88c489100299f74c8fc86f5a90f1435) Importer(815301076,1909f56bfc062723c751e8b465ee728b)  -> (artifact id: '5fbb984d8ca3bc738b023d5a624efd7a') in 0.023644 seconds 
  Import took 0.038351 seconds .

========================================================================
Received Import Request.
  Time since last request: 0.000235 seconds.
  path: Assets/assetsunity/SD_RPG_Heroes_Pack/materials/swordmaster.mat
  artifactKey: Guid(b48eea48f7bd3aa4d9b75ad495d023f3) Importer(815301076,1909f56bfc062723c751e8b465ee728b)
Start importing Assets/assetsunity/SD_RPG_Heroes_Pack/materials/swordmaster.mat using Guid(b48eea48f7bd3aa4d9b75ad495d023f3) Importer(815301076,1909f56bfc062723c751e8b465ee728b)  -> (artifact id: '604e763089bf61ad1e3d48f1efd9dcd0') in 0.014754 seconds 
  Import took 0.019182 seconds .

========================================================================
Received Import Request.
  Time since last request: 0.000193 seconds.
  path: Assets/assetsunity/SD_RPG_Heroes_Pack/materials/wizardgirl.mat
  artifactKey: Guid(37481bc935dd45c49a016b48dadd69a4) Importer(815301076,1909f56bfc062723c751e8b465ee728b)
Start importing Assets/assetsunity/SD_RPG_Heroes_Pack/materials/wizardgirl.mat using Guid(37481bc935dd45c49a016b48dadd69a4) Importer(815301076,1909f56bfc062723c751e8b465ee728b)  -> (artifact id: 'a74cf8d362ec7ece088c9ab3ae781e47') in 0.016546 seconds 
  Import took 0.021539 seconds .

========================================================================
Received Import Request.
  Time since last request: 0.494547 seconds.
  path: Assets/assetsunity/SD_RPG_Heroes_Pack/prefabs/archergirl@set.prefab
  artifactKey: Guid(5f86eb4474aa70744a48265d6a91c6fc) Importer(815301076,1909f56bfc062723c751e8b465ee728b)
Start importing Assets/assetsunity/SD_RPG_Heroes_Pack/prefabs/archergirl@set.prefab using Guid(5f86eb4474aa70744a48265d6a91c6fc) Importer(815301076,1909f56bfc062723c751e8b465ee728b)  -> (artifact id: '53002c8d03731045f9fb9e8c32f1729e') in 0.026310 seconds 
  Import took 0.031823 seconds .

========================================================================
Received Import Request.
  Time since last request: 0.000204 seconds.
  path: Assets/assetsunity/SD_RPG_Heroes_Pack/prefabs/wizardgirl@set.prefab
  artifactKey: Guid(1394ab1f7aa91204ca980eebe4da7539) Importer(815301076,1909f56bfc062723c751e8b465ee728b)
Start importing Assets/assetsunity/SD_RPG_Heroes_Pack/prefabs/wizardgirl@set.prefab using Guid(1394ab1f7aa91204ca980eebe4da7539) Importer(815301076,1909f56bfc062723c751e8b465ee728b)  -> (artifact id: '7353c8cbe65afcff10ab93041622d87c') in 0.022238 seconds 
  Import took 0.026679 seconds .

========================================================================
Received Import Request.
  Time since last request: 0.000225 seconds.
  path: Assets/assetsunity/SD_RPG_Heroes_Pack/prefabs/swordmaster@set.prefab
  artifactKey: Guid(f69e6d2fcdc577643b9245637b56882c) Importer(815301076,1909f56bfc062723c751e8b465ee728b)
Start importing Assets/assetsunity/SD_RPG_Heroes_Pack/prefabs/swordmaster@set.prefab using Guid(f69e6d2fcdc577643b9245637b56882c) Importer(815301076,1909f56bfc062723c751e8b465ee728b)  -> (artifact id: '59343a5a916e79b19255fc625e9cb791') in 0.023782 seconds 
  Import took 0.028582 seconds .

========================================================================
Received Import Request.
  Time since last request: 0.520972 seconds.
  path: Assets/assetsunity/SD_RPG_Heroes_Pack/textures/archergirl.tga
  artifactKey: Guid(fc779c616568e3a43b2a27349e91c6a0) Importer(815301076,1909f56bfc062723c751e8b465ee728b)
Start importing Assets/assetsunity/SD_RPG_Heroes_Pack/textures/archergirl.tga using Guid(fc779c616568e3a43b2a27349e91c6a0) Importer(815301076,1909f56bfc062723c751e8b465ee728b)  -> (artifact id: '4862769fa7fcc497851b96fc16f09617') in 0.027103 seconds 
  Import took 0.032149 seconds .

========================================================================
Received Import Request.
  Time since last request: 0.000759 seconds.
  path: Assets/assetsunity/SD_RPG_Heroes_Pack/textures/swordmaster.tga
  artifactKey: Guid(b950a768abc437b418307f6cbf868885) Importer(815301076,1909f56bfc062723c751e8b465ee728b)
Start importing Assets/assetsunity/SD_RPG_Heroes_Pack/textures/swordmaster.tga using Guid(b950a768abc437b418307f6cbf868885) Importer(815301076,1909f56bfc062723c751e8b465ee728b)  -> (artifact id: '95f70c41b57fe15ec35e2e95812f106f') in 0.010195 seconds 
  Import took 0.014590 seconds .

========================================================================
Received Import Request.
  Time since last request: 0.000193 seconds.
  path: Assets/assetsunity/SD_RPG_Heroes_Pack/textures/wizardgirl.tga
  artifactKey: Guid(5030b6bb898c60a4bb0850ce460fb154) Importer(815301076,1909f56bfc062723c751e8b465ee728b)
Start importing Assets/assetsunity/SD_RPG_Heroes_Pack/textures/wizardgirl.tga using Guid(5030b6bb898c60a4bb0850ce460fb154) Importer(815301076,1909f56bfc062723c751e8b465ee728b)  -> (artifact id: '6fb78d53a678fd1ca83434f206796a28') in 0.009964 seconds 
  Import took 0.014683 seconds .

========================================================================
Received Import Request.
  Time since last request: 7.240526 seconds.
  path: Assets/Scripts/Gameplay/GameInputs.cs
  artifactKey: Guid(2c0f087b5c71b3d479d2a312fa72a4f1) Importer(815301076,1909f56bfc062723c751e8b465ee728b)
Start importing Assets/Scripts/Gameplay/GameInputs.cs using Guid(2c0f087b5c71b3d479d2a312fa72a4f1) Importer(815301076,1909f56bfc062723c751e8b465ee728b)  -> (artifact id: 'bf85d3166bea43c89825a9da483b5363') in 0.005324 seconds 
  Import took 0.019508 seconds .

========================================================================
Received Prepare
Registering precompiled user dll's ...
Registered in 0.005191 seconds.
Begin MonoManager ReloadAssembly
Native extension for WindowsStandalone target not found
Native extension for WebGL target not found
Refreshing native plugins compatible for Editor in 0.76 ms, found 2 plugins.
Preloading 0 native plugins for Editor in 0.00 ms.
Mono: successfully reloaded assembly
- Completed reload, in  0.974 seconds
Domain Reload Profiling:
	ReloadAssembly (975ms)
		BeginReloadAssembly (113ms)
			ExecutionOrderSort (0ms)
			DisableScriptedObjects (5ms)
			BackupInstance (0ms)
			ReleaseScriptingObjects (0ms)
			CreateAndSetChildDomain (37ms)
		EndReloadAssembly (802ms)
			LoadAssemblies (79ms)
			RebuildTransferFunctionScriptingTraits (0ms)
			SetupTypeCache (277ms)
			ReleaseScriptCaches (1ms)
			RebuildScriptCaches (36ms)
			SetupLoadedEditorAssemblies (279ms)
				LogAssemblyErrors (0ms)
				InitializePlatformSupportModulesInManaged (4ms)
				SetLoadedEditorAssemblies (0ms)
				RefreshPlugins (1ms)
				BeforeProcessingInitializeOnLoad (61ms)
				ProcessInitializeOnLoadAttributes (198ms)
				ProcessInitializeOnLoadMethodAttributes (7ms)
				AfterProcessingInitializeOnLoad (8ms)
				EditorAssembliesLoaded (0ms)
			ExecutionOrderSort2 (0ms)
			AwakeInstancesAfterBackupRestoration (15ms)
Platform modules already initialized, skipping
Refreshing native plugins compatible for Editor in 0.72 ms, found 2 plugins.
Preloading 0 native plugins for Editor in 0.00 ms.
Unloading 3041 Unused Serialized files (Serialized files now loaded: 0)
System memory in use before: 153.3 MB.
System memory in use after: 153.5 MB.

Unloading 16 unused Assets to reduce memory usage. Loaded Objects now: 3716.
Total: 3.466200 ms (FindLiveObjects: 0.291700 ms CreateObjectMapping: 0.073400 ms MarkObjects: 3.084300 ms  DeleteObjects: 0.015700 ms)

AssetImportParameters requested are different than current active one (requested -> active):
  custom:framework-win-MediaFoundation: 216162199b28c13a410421893ffa2e32 -> 
  custom:video-decoder-ogg-theora: a1e56fd34408186e4bbccfd4996cb3dc -> 
  custom:container-muxer-webm: aa71ff27fc2769a1b78a27578f13a17b -> 
  custom:container-demuxer-webm: 4f35f7cbe854078d1ac9338744f61a02 -> 
  custom:container-demuxer-ogg: 62fdf1f143b41e24485cea50d1cbac27 -> 
  custom:video-encoder-webm-vp8: eb34c28f22e8b96e1ab97ce403110664 -> 
  custom:video-decoder-webm-vp8: 9c59270c3fd7afecdb556c50c9e8de78 -> 
  custom:audio-decoder-ogg-vorbis: bf7c407c2cedff20999df2af8eb42d56 -> 
  custom:audio-encoder-webm-vorbis: bf7c407c2cedff20999df2af8eb42d56 -> 
AssetImportWorkerClient::OnTransportError - code=2 error=End of file
